Creating User Emulation ...

Erro ao iniciar na linha 3 no comando:
CREATE USER Emulation IDENTIFIED BY Emulation DEFAULT TABLESPACE USERS TEMPORARY TABLESPACE TEMP
Erro na Linha de Comando:3 Coluna:13
Relatório de Erro:
Erro de SQL: ORA-01920: o nome 'EMULATION' do usuário está em conflito com um outro nome de usuário ou de atribuição
01920. 00000 -  "user name '%s' conflicts with another user or role name"
*Cause:    There is already a user or role with that name.
*Action:   Specify a different user name.
GRANT bem-sucedido.
Creating User SEMAD_ESTAGIO ...
user SEMAD_ESTAGIO criado.
GRANT bem-sucedido.
Connected
Creating Sequence AGENTE_SETORIAL_ESTAGIO_ID_AGE ...
sequence AGENTE_SETORIAL_ESTAGIO_ID_AGE criado.
Creating Sequence AGENCIA_ESTAGIO_ID_AGENCIA_EST ...
sequence AGENCIA_ESTAGIO_ID_AGENCIA_EST criado.
Creating Sequence AGENCIA_ESTAGIO_EMAIL_NB_AGENC ...
sequence AGENCIA_ESTAGIO_EMAIL_NB_AGENC criado.
Creating Sequence AGENTE_SETORIAL_EMAIL_NB_AGENT ...
sequence AGENTE_SETORIAL_EMAIL_NB_AGENT criado.
Creating Sequence BOLSA_ESTAGIO_NB_BOLSA_ESTAGIO ...
sequence BOLSA_ESTAGIO_NB_BOLSA_ESTAGIO criado.
Creating Sequence CONSELHO_PROFISSIONAL_ID_CONSE ...
sequence CONSELHO_PROFISSIONAL_ID_CONSE criado.
Creating Sequence CURSO_ESTAGIO_ID_CURSO_ESTAGIO ...
sequence CURSO_ESTAGIO_ID_CURSO_ESTAGIO criado.
Creating Sequence DESLIGAMENTO_ESTAGIO_ID_DESLIG ...
sequence DESLIGAMENTO_ESTAGIO_ID_DESLIG criado.
Creating Sequence ESTAGIARIO_NB_ESTAGIARIO_SEQ ...
sequence ESTAGIARIO_NB_ESTAGIARIO_SEQ criado.
Creating Sequence FUNCIONARIO_PE_NB_FUNCIONARIO_ ...
sequence FUNCIONARIO_PE_NB_FUNCIONARIO_ criado.
Creating Sequence GESTOR_ESTAGIO_NB_GESTOR_ESTAG ...
sequence GESTOR_ESTAGIO_NB_GESTOR_ESTAG criado.
Creating Sequence OFERTA_VAGA_ID_OFERTA_VAGA_SEQ ...
sequence OFERTA_VAGA_ID_OFERTA_VAGA_SEQ criado.
Creating Sequence ORGAO_ESTAGIO_ID_ORGAO_ESTAGIO ...
sequence ORGAO_ESTAGIO_ID_ORGAO_ESTAGIO criado.
Creating Sequence ORGAO_GESTOR_EMAIL_NB_ORGAO_GE ...
sequence ORGAO_GESTOR_EMAIL_NB_ORGAO_GE criado.
Creating Sequence ORGAO_GESTOR_ESTAGIO_ID_ORGAO_ ...
sequence ORGAO_GESTOR_ESTAGIO_ID_ORGAO_ criado.
Creating Sequence PESSOA_ID_PESSOA_SEQ ...
sequence PESSOA_ID_PESSOA_SEQ criado.
Creating Sequence QUADRO_VAGAS_ESTAGIO_ID_QUADRO ...
sequence QUADRO_VAGAS_ESTAGIO_ID_QUADRO criado.
Creating Sequence RECESSO_REMUNERADO_ID_RECESSO_ ...
sequence RECESSO_REMUNERADO_ID_RECESSO_ criado.
Creating Sequence SELECAO_ESTAGIO_ID_SELECAO_EST ...
sequence SELECAO_ESTAGIO_ID_SELECAO_EST criado.
Creating Sequence TERMO_ADITIVO_ID_TERMO_ADITIVO ...
sequence TERMO_ADITIVO_ID_TERMO_ADITIVO criado.
Creating Sequence VAGAS_ESTAGIO_NB_VAGAS_ESTAGIO ...
sequence VAGAS_ESTAGIO_NB_VAGAS_ESTAGIO criado.
Creating Table AGENTE_SETORIAL_ESTAGIO ...
table AGENTE_SETORIAL_ESTAGIO criado.
Creating Primary Key Constraint PRIMARY_9 on table AGENTE_SETORIAL_ESTAGIO ...
table AGENTE_SETORIAL_ESTAGIO alterado.
Creating Table AGENCIA_ESTAGIO ...
table AGENCIA_ESTAGIO criado.
Creating Primary Key Constraint PRIMARY_4 on table AGENCIA_ESTAGIO ...
table AGENCIA_ESTAGIO alterado.
Creating Table AGENCIA_ESTAGIO_EMAIL ...
table AGENCIA_ESTAGIO_EMAIL criado.
Creating Primary Key Constraint PRIMARY_23 on table AGENCIA_ESTAGIO_EMAIL ...
table AGENCIA_ESTAGIO_EMAIL alterado.
Creating Index fk_AGENCIA_ESTAGIO_EMAIL_AGENC on AGENCIA_ESTAGIO_EMAIL ...
index FK_AGENCIA_ESTAGIO_EMAIL_AGENC criado.
Creating Table AGENTE_SETORIAL_EMAIL ...
table AGENTE_SETORIAL_EMAIL criado.
Creating Primary Key Constraint PRIMARY_10 on table AGENTE_SETORIAL_EMAIL ...
table AGENTE_SETORIAL_EMAIL alterado.
Creating Index fk_AGENTE_SETORIAL_EMAIL_AGENT on AGENTE_SETORIAL_EMAIL ...
index FK_AGENTE_SETORIAL_EMAIL_AGENT criado.
Creating Table AREA_CONHECIMENTO_GE ...
table AREA_CONHECIMENTO_GE criado.
Creating Primary Key Constraint PRIMARY_20 on table AREA_CONHECIMENTO_GE ...
table AREA_CONHECIMENTO_GE alterado.
Creating Table BOLSA_ESTAGIO ...
table BOLSA_ESTAGIO criado.
Creating Primary Key Constraint PRIMARY_24 on table BOLSA_ESTAGIO ...
table BOLSA_ESTAGIO alterado.
Creating Index fk_BOLSA_ESTAGIO_TIPO_VAGA_EST on BOLSA_ESTAGIO ...
index FK_BOLSA_ESTAGIO_TIPO_VAGA_EST criado.
Creating Table CONSELHO_PROFISSIONAL ...
table CONSELHO_PROFISSIONAL criado.
Creating Primary Key Constraint PRIMARY_1 on table CONSELHO_PROFISSIONAL ...
table CONSELHO_PROFISSIONAL alterado.
Creating Table CONTRATO_ESTAGIO ...
table CONTRATO_ESTAGIO criado.
COMMENT on column contrato_estagio.cs_situacao '1-ABERTA, 2-EFETIVADA, 3-ENCAMINHADA, 4-CANCELADA, 5-AUTORIZADO' bem-sucedido.
COMMENT on column contrato_estagio.cs_selecao '1-COMSELECAO, 2-SEMSELECAO' bem-sucedido.
Creating Primary Key Constraint PRIMARY_15 on table CONTRATO_ESTAGIO ...
table CONTRATO_ESTAGIO alterado.
Creating Index fk_CONTRATO_ESTAGIO_SELECAO_ES on CONTRATO_ESTAGIO ...
index FK_CONTRATO_ESTAGIO_SELECAO_ES criado.
Creating Index fk_CONTRATO_ESTAGIO_ESTAGIARIO on CONTRATO_ESTAGIO ...
index FK_CONTRATO_ESTAGIO_ESTAGIARIO criado.
Creating Index fk_CONTRATO_ESTAGIO_VAGAS_CURS on CONTRATO_ESTAGIO ...
index FK_CONTRATO_ESTAGIO_VAGAS_CURS criado.
Creating Table CURSO_ESTAGIO ...
table CURSO_ESTAGIO criado.
Creating Primary Key Constraint PRIMARY_11 on table CURSO_ESTAGIO ...
table CURSO_ESTAGIO alterado.
Creating Index fk_CURSO_ESTAGIO_AREA_CONHECIM on CURSO_ESTAGIO ...
index FK_CURSO_ESTAGIO_AREA_CONHECIM criado.
Creating Table DESLIGAMENTO_ESTAGIO ...
table DESLIGAMENTO_ESTAGIO criado.
Creating Primary Key Constraint PRIMARY_29 on table DESLIGAMENTO_ESTAGIO ...
table DESLIGAMENTO_ESTAGIO alterado.
Creating Index fk_DESLIGAMENTO_ESTAGIO_CONTRA on DESLIGAMENTO_ESTAGIO ...
index FK_DESLIGAMENTO_ESTAGIO_CONTRA criado.
Creating Index fk_DESLIGAMENTO_ESTAGIO_ESTAGI on DESLIGAMENTO_ESTAGIO ...
index FK_DESLIGAMENTO_ESTAGIO_ESTAGI criado.
Creating Index fk_DESLIGAMENTO_ESTAGIO_ORGAO_ on DESLIGAMENTO_ESTAGIO ...
index FK_DESLIGAMENTO_ESTAGIO_ORGAO_ criado.
Creating Table ESTAGIARIO ...
table ESTAGIARIO criado.
Creating Primary Key Constraint PRIMARY_16 on table ESTAGIARIO ...
table ESTAGIARIO alterado.
Creating Index fk_ESTAGIARIO_PESSOA1 on ESTAGIARIO ...
index FK_ESTAGIARIO_PESSOA1 criado.
Creating Index fk_ESTAGIARIO_FUNCIONARIO_PE1 on ESTAGIARIO ...
index FK_ESTAGIARIO_FUNCIONARIO_PE1 criado.
Creating Table ESTAGIARIO2 ...
table ESTAGIARIO2 criado.
Creating Table ESTAGIARIO_CONTRATO ...
table ESTAGIARIO_CONTRATO criado.
COMMENT on column estagiario_contrato.cs_situacao '1-EM ANÁLISE, 2-APROVADO, 3-REPROVADO, 4-CANCELADO E 5-AUTORIZADO' bem-sucedido.
COMMENT on column estagiario_contrato.cs_situacao_estagiario '1-TADITIVO, 2-RESESSO, 3-DESLIGAMENTO' bem-sucedido.
Creating Primary Key Constraint PRIMARY_5 on table ESTAGIARIO_CONTRATO ...
table ESTAGIARIO_CONTRATO alterado.
Creating Index fk_ESTAGIARIO_CONTRATO_CONTRAT on ESTAGIARIO_CONTRATO ...
index FK_ESTAGIARIO_CONTRATO_CONTRAT criado.
Creating Table ESTAGIARIO_ESCOLARIDADE ...
table ESTAGIARIO_ESCOLARIDADE criado.
COMMENT on column estagiario_escolaridade.cs_escolaridade '1-MEDIO, 2-TECNICO, 3-SUPERIOR' bem-sucedido.
COMMENT on column estagiario_escolaridade.cs_turno '1-MATUTINO, 2-VESPERTINO, 3-NOTURNO, 4-DIURNO' bem-sucedido.
Creating Primary Key Constraint PRIMARY_25 on table ESTAGIARIO_ESCOLARIDADE ...
table ESTAGIARIO_ESCOLARIDADE alterado.
Creating Table ESTAGIARIO_SELECAO ...
table ESTAGIARIO_SELECAO criado.
COMMENT on column estagiario_selecao.cs_situacao '1-EM ANÁLISE, 2-APROVADO, 3-REPROVADO, 4-CANCELADO E 5-AUTORIZADO' bem-sucedido.
Creating Primary Key Constraint PRIMARY_6 on table ESTAGIARIO_SELECAO ...
table ESTAGIARIO_SELECAO alterado.
Creating Index fk_ESTAGIARIO_SELECAO_ESTAGIAR on ESTAGIARIO_SELECAO ...
index FK_ESTAGIARIO_SELECAO_ESTAGIAR criado.
Creating Table FUNCIONARIO_PE ...
table FUNCIONARIO_PE criado.
Creating Primary Key Constraint PRIMARY_17 on table FUNCIONARIO_PE ...
table FUNCIONARIO_PE alterado.
Creating Index fk_FUNCIONARIO_PE_PESSOA_FISIC on FUNCIONARIO_PE ...
index FK_FUNCIONARIO_PE_PESSOA_FISIC criado.
Creating Table GESTOR_ESTAGIO ...
table GESTOR_ESTAGIO criado.
Creating Primary Key Constraint PRIMARY_18 on table GESTOR_ESTAGIO ...
table GESTOR_ESTAGIO alterado.
Creating Index fk_GESTOR_ESTAGIO_ORGAO_GESTOR on GESTOR_ESTAGIO ...
index FK_GESTOR_ESTAGIO_ORGAO_GESTOR criado.
Creating Table INSTITUICAO_ENSINO ...
table INSTITUICAO_ENSINO criado.
Creating Primary Key Constraint PRIMARY_32 on table INSTITUICAO_ENSINO ...
table INSTITUICAO_ENSINO alterado.
Creating Table OFERTA_VAGA ...
table OFERTA_VAGA criado.
COMMENT on column oferta_vaga.cs_escolaridade '1-MEDIO, 2-TECNICO, 3-SUPERIOR' bem-sucedido.
COMMENT on column oferta_vaga.cs_sexo '1-MASCULINO, 2-FEMININO' bem-sucedido.
COMMENT on column oferta_vaga.cs_situacao '1-ABERTA, 2-EFETIVADA, 3-ENCAMINHADA, 4-CANCELADA, 5-AUTORIZADO' bem-sucedido.
Creating Primary Key Constraint PRIMARY_26 on table OFERTA_VAGA ...
table OFERTA_VAGA alterado.
Creating Index fk_OFERTA_VAGA_VAGAS_CURSO_EST on OFERTA_VAGA ...
index FK_OFERTA_VAGA_VAGAS_CURSO_EST criado.
Creating Index fk_OFERTA_VAGA_SUPERVISOR_ESTA on OFERTA_VAGA ...
index FK_OFERTA_VAGA_SUPERVISOR_ESTA criado.
Creating Index fk_OFERTA_VAGA_ORGAO_AGENTE_SE on OFERTA_VAGA ...
index FK_OFERTA_VAGA_ORGAO_AGENTE_SE criado.
Creating Table ORGAO_AGENTE_SETORIAL ...
table ORGAO_AGENTE_SETORIAL criado.
Creating Primary Key Constraint PRIMARY_3 on table ORGAO_AGENTE_SETORIAL ...
table ORGAO_AGENTE_SETORIAL alterado.
Creating Index fk_ORGAO_AGENTE_SETORIAL_AGENT on ORGAO_AGENTE_SETORIAL ...
index FK_ORGAO_AGENTE_SETORIAL_AGENT criado.
Creating Table ORGAO_ESTAGIO ...
table ORGAO_ESTAGIO criado.
Creating Primary Key Constraint PRIMARY_13 on table ORGAO_ESTAGIO ...
table ORGAO_ESTAGIO alterado.
Creating Table ORGAO_GESTOR_EMAIL ...
table ORGAO_GESTOR_EMAIL criado.
Creating Primary Key Constraint PRIMARY_21 on table ORGAO_GESTOR_EMAIL ...
table ORGAO_GESTOR_EMAIL alterado.
Creating Index fk_ORGAO_GESTOR_EMAIL_GESTOR_E on ORGAO_GESTOR_EMAIL ...
index FK_ORGAO_GESTOR_EMAIL_GESTOR_E criado.
Creating Table ORGAO_GESTOR_ESTAGIO ...
table ORGAO_GESTOR_ESTAGIO criado.
Creating Primary Key Constraint PRIMARY_14 on table ORGAO_GESTOR_ESTAGIO ...
table ORGAO_GESTOR_ESTAGIO alterado.
Creating Table PESSOA ...
table PESSOA criado.
Creating Primary Key Constraint PRIMARY_30 on table PESSOA ...
table PESSOA alterado.
Creating Table PESSOA_FISICA ...
table PESSOA_FISICA criado.
Creating Primary Key Constraint PRIMARY_12 on table PESSOA_FISICA ...
table PESSOA_FISICA alterado.
Creating Table QUADRO_VAGAS_ESTAGIO ...
table QUADRO_VAGAS_ESTAGIO criado.
Creating Primary Key Constraint PRIMARY_31 on table QUADRO_VAGAS_ESTAGIO ...
table QUADRO_VAGAS_ESTAGIO alterado.
Creating Index fk_QUADRO_VAGAS_ESTAGIO_ORGAO_ on QUADRO_VAGAS_ESTAGIO ...
index FK_QUADRO_VAGAS_ESTAGIO_ORGAO_ criado.
Creating Table RECESSO_REMUNERADO ...
table RECESSO_REMUNERADO criado.
Creating Primary Key Constraint PRIMARY_7 on table RECESSO_REMUNERADO ...
table RECESSO_REMUNERADO alterado.
Creating Index fk_RECESSO_REMUNERADO_ESTAGIAR on RECESSO_REMUNERADO ...
index FK_RECESSO_REMUNERADO_ESTAGIAR criado.
Creating Index fk_RECESSO_REMUNERADO_CONTRATO on RECESSO_REMUNERADO ...
index FK_RECESSO_REMUNERADO_CONTRATO criado.
Creating Index fk_RECESSO_REMUNERADO_ORGAO_AG on RECESSO_REMUNERADO ...
index FK_RECESSO_REMUNERADO_ORGAO_AG criado.
Creating Table SELECAO_ESTAGIO ...
table SELECAO_ESTAGIO criado.
COMMENT on column selecao_estagio.cs_situacao '1-ABERTA, 2-EFETIVADA, 3-ENCAMINHADA, 4-CANCELADA' bem-sucedido.
Creating Primary Key Constraint PRIMARY_22 on table SELECAO_ESTAGIO ...
table SELECAO_ESTAGIO alterado.
Creating Index fk_SELECAO_ESTAGIO_OFERTA_VAGA on SELECAO_ESTAGIO ...
index FK_SELECAO_ESTAGIO_OFERTA_VAGA criado.
Creating Table SUPERVISOR_ESTAGIO ...
table SUPERVISOR_ESTAGIO criado.
Creating Primary Key Constraint PRIMARY_2 on table SUPERVISOR_ESTAGIO ...
table SUPERVISOR_ESTAGIO alterado.
Creating Index FK_CONSELHO_PROFISSIONAL on SUPERVISOR_ESTAGIO ...
index FK_CONSELHO_PROFISSIONAL criado.
Creating Index fk_SUPERVISOR_ESTAGIO_FUNCIONA on SUPERVISOR_ESTAGIO ...
index FK_SUPERVISOR_ESTAGIO_FUNCIONA criado.
Creating Table TERMO_ADITIVO ...
table TERMO_ADITIVO criado.
Creating Primary Key Constraint PRIMARY_27 on table TERMO_ADITIVO ...
table TERMO_ADITIVO alterado.
Creating Index fk_TERMO_ADITIVO_CONTRATO_ESTA on TERMO_ADITIVO ...
index FK_TERMO_ADITIVO_CONTRATO_ESTA criado.
Creating Index fk_TERMO_ADITIVO_ESTAGIARIO1 on TERMO_ADITIVO ...
index FK_TERMO_ADITIVO_ESTAGIARIO1 criado.
Creating Table TIPO_VAGA_ESTAGIO ...
table TIPO_VAGA_ESTAGIO criado.
Creating Primary Key Constraint PRIMARY_8 on table TIPO_VAGA_ESTAGIO ...
table TIPO_VAGA_ESTAGIO alterado.
Creating Table VAGAS_CURSO_ESTAGIO ...
table VAGAS_CURSO_ESTAGIO criado.
Creating Primary Key Constraint PRIMARY_28 on table VAGAS_CURSO_ESTAGIO ...
table VAGAS_CURSO_ESTAGIO alterado.
Creating Index fk_VAGAS_CURSO_ESTAGIO_CURSO_E on VAGAS_CURSO_ESTAGIO ...
index FK_VAGAS_CURSO_ESTAGIO_CURSO_E criado.
Creating Table VAGAS_ESTAGIO ...
table VAGAS_ESTAGIO criado.
Creating Primary Key Constraint PRIMARY_19 on table VAGAS_ESTAGIO ...
table VAGAS_ESTAGIO alterado.
Creating Index fk_VAGAS_ESTAGIO_AGENCIA_ESTAG on VAGAS_ESTAGIO ...
index FK_VAGAS_ESTAGIO_AGENCIA_ESTAG criado.
Creating Index fk_VAGAS_ESTAGIO_QUADRO_VAGAS_ on VAGAS_ESTAGIO ...
index FK_VAGAS_ESTAGIO_QUADRO_VAGAS_ criado.
Creating Index fk_VAGAS_ESTAGIO_ORGAO_ESTAGIO on VAGAS_ESTAGIO ...
index FK_VAGAS_ESTAGIO_ORGAO_ESTAGIO criado.
Creating Index fk_VAGAS_ESTAGIO_TIPO_VAGA_EST on VAGAS_ESTAGIO ...
index FK_VAGAS_ESTAGIO_TIPO_VAGA_EST criado.
Creating Table VALOR_TRANSPORTE ...
table VALOR_TRANSPORTE criado.
Creating Primary Key Constraint PRIMARY on table VALOR_TRANSPORTE ...
table VALOR_TRANSPORTE alterado.
Connected
Creating Foreign Key Constraint fk_AGENCIA_ESTAGIO_EMAIL_AGENC on table AGENCIA_ESTAGIO...
table AGENCIA_ESTAGIO_EMAIL alterado.
Creating Foreign Key Constraint fk_AGENTE_SETORIAL_EMAIL_AGENT on table AGENTE_SETORIAL_ESTAGIO...
table AGENTE_SETORIAL_EMAIL alterado.
Creating Foreign Key Constraint fk_DESLIGAMENTO_ESTAGIO_ORGAO_ on table ORGAO_AGENTE_SETORIAL...
table DESLIGAMENTO_ESTAGIO alterado.
Creating Foreign Key Constraint fk_ESTAGIARIO_PESSOA1 on table PESSOA...
table ESTAGIARIO alterado.
Creating Foreign Key Constraint fk_ESTAGIARIO_FUNCIONARIO_PE1 on table FUNCIONARIO_PE...
table ESTAGIARIO alterado.
Creating Foreign Key Constraint fk_ESTAGIARIO_CONTRATO_CONTRAT on table CONTRATO_ESTAGIO...
table ESTAGIARIO_CONTRATO alterado.
Creating Foreign Key Constraint fk_ESTAGIARIO_ESCOLARIDADE_EST on table ESTAGIARIO...

Erro ao iniciar na linha 1.370 no comando
ALTER TABLE ESTAGIARIO_ESCOLARIDADE
ADD CONSTRAINT fk_ESTAGIARIO_ESCOLARIDADE_EST FOREIGN KEY
(
  NB_ESTAGIARIO
)
REFERENCES ESTAGIARIO
(
  NB_ESTAGIARIO
)
ENABLE
Relatório de erro:
Erro de SQL: ORA-02270: não há chave exclusiva ou primária compatível para esta lista de colunas
02270. 00000 -  "no matching unique or primary key for this column-list"
*Cause:    A REFERENCES clause in a CREATE/ALTER TABLE statement
           gives a column-list for which there is no matching unique or primary
           key constraint in the referenced table.
*Action:   Find the correct column names using the ALL_CONS_COLUMNS
           catalog view
Creating Foreign Key Constraint fk_BOLSA_ESTAGIO_TIPO_VAGA_EST on table TIPO_VAGA_ESTAGIO...
table BOLSA_ESTAGIO alterado.
Creating Foreign Key Constraint fk_CONTRATO_ESTAGIO_SELECAO_ES on table SELECAO_ESTAGIO...
table CONTRATO_ESTAGIO alterado.
Creating Foreign Key Constraint fk_CONTRATO_ESTAGIO_ESTAGIARIO on table ESTAGIARIO...

Erro ao iniciar na linha 1.409 no comando
ALTER TABLE CONTRATO_ESTAGIO
ADD CONSTRAINT fk_CONTRATO_ESTAGIO_ESTAGIARIO FOREIGN KEY
(
  NB_ESTAGIARIO
)
REFERENCES ESTAGIARIO
(
  NB_ESTAGIARIO
)
ENABLE
Relatório de erro:
Erro de SQL: ORA-02270: não há chave exclusiva ou primária compatível para esta lista de colunas
02270. 00000 -  "no matching unique or primary key for this column-list"
*Cause:    A REFERENCES clause in a CREATE/ALTER TABLE statement
           gives a column-list for which there is no matching unique or primary
           key constraint in the referenced table.
*Action:   Find the correct column names using the ALL_CONS_COLUMNS
           catalog view
Creating Foreign Key Constraint fk_CONTRATO_ESTAGIO_VAGAS_CURS on table VAGAS_CURSO_ESTAGIO...
table CONTRATO_ESTAGIO alterado.
Creating Foreign Key Constraint fk_CURSO_ESTAGIO_AREA_CONHECIM on table AREA_CONHECIMENTO_GE...
table CURSO_ESTAGIO alterado.
Creating Foreign Key Constraint fk_DESLIGAMENTO_ESTAGIO_CONTRA on table CONTRATO_ESTAGIO...
table DESLIGAMENTO_ESTAGIO alterado.
Creating Foreign Key Constraint fk_DESLIGAMENTO_ESTAGIO_ESTAGI on table ESTAGIARIO...

Erro ao iniciar na linha 1.463 no comando
ALTER TABLE DESLIGAMENTO_ESTAGIO
ADD CONSTRAINT fk_DESLIGAMENTO_ESTAGIO_ESTAGI FOREIGN KEY
(
  NB_ESTAGIARIO
)
REFERENCES ESTAGIARIO
(
  NB_ESTAGIARIO
)
ENABLE
Relatório de erro:
Erro de SQL: ORA-02270: não há chave exclusiva ou primária compatível para esta lista de colunas
02270. 00000 -  "no matching unique or primary key for this column-list"
*Cause:    A REFERENCES clause in a CREATE/ALTER TABLE statement
           gives a column-list for which there is no matching unique or primary
           key constraint in the referenced table.
*Action:   Find the correct column names using the ALL_CONS_COLUMNS
           catalog view
Creating Foreign Key Constraint fk_ESTAGIARIO_SELECAO_SELECAO_ on table SELECAO_ESTAGIO...
table ESTAGIARIO_SELECAO alterado.
Creating Foreign Key Constraint fk_ESTAGIARIO_SELECAO_ESTAGIAR on table ESTAGIARIO...

Erro ao iniciar na linha 1.489 no comando
ALTER TABLE ESTAGIARIO_SELECAO
ADD CONSTRAINT fk_ESTAGIARIO_SELECAO_ESTAGIAR FOREIGN KEY
(
  NB_ESTAGIARIO
)
REFERENCES ESTAGIARIO
(
  NB_ESTAGIARIO
)
ENABLE
Relatório de erro:
Erro de SQL: ORA-02270: não há chave exclusiva ou primária compatível para esta lista de colunas
02270. 00000 -  "no matching unique or primary key for this column-list"
*Cause:    A REFERENCES clause in a CREATE/ALTER TABLE statement
           gives a column-list for which there is no matching unique or primary
           key constraint in the referenced table.
*Action:   Find the correct column names using the ALL_CONS_COLUMNS
           catalog view
Creating Foreign Key Constraint fk_FUNCIONARIO_PE_PESSOA_FISIC on table PESSOA_FISICA...
table FUNCIONARIO_PE alterado.
Creating Foreign Key Constraint fk_GESTOR_ESTAGIO_ORGAO_GESTOR on table ORGAO_GESTOR_ESTAGIO...
table GESTOR_ESTAGIO alterado.
Creating Foreign Key Constraint fk_OFERTA_VAGA_VAGAS_CURSO_EST on table VAGAS_CURSO_ESTAGIO...
table OFERTA_VAGA alterado.
Creating Foreign Key Constraint fk_OFERTA_VAGA_SUPERVISOR_ESTA on table SUPERVISOR_ESTAGIO...
table OFERTA_VAGA alterado.
Creating Foreign Key Constraint fk_OFERTA_VAGA_ORGAO_AGENTE_SE on table ORGAO_AGENTE_SETORIAL...
table OFERTA_VAGA alterado.
Creating Foreign Key Constraint fk_ORGAO_AGENTE_SETORIAL_AGENT on table AGENTE_SETORIAL_ESTAGIO...
table ORGAO_AGENTE_SETORIAL alterado.
Creating Foreign Key Constraint fk_ORGAO_AGENTE_SETORIAL_ORGAO on table ORGAO_ESTAGIO...
table ORGAO_AGENTE_SETORIAL alterado.
Creating Foreign Key Constraint fk_ORGAO_GESTOR_EMAIL_GESTOR_E on table GESTOR_ESTAGIO...

Erro ao iniciar na linha 1.597 no comando
ALTER TABLE ORGAO_GESTOR_EMAIL
ADD CONSTRAINT fk_ORGAO_GESTOR_EMAIL_GESTOR_E FOREIGN KEY
(
  NB_GESTOR_ESTAGIO
)
REFERENCES GESTOR_ESTAGIO
(
  NB_GESTOR_ESTAGIO
)
ENABLE
Relatório de erro:
Erro de SQL: ORA-02270: não há chave exclusiva ou primária compatível para esta lista de colunas
02270. 00000 -  "no matching unique or primary key for this column-list"
*Cause:    A REFERENCES clause in a CREATE/ALTER TABLE statement
           gives a column-list for which there is no matching unique or primary
           key constraint in the referenced table.
*Action:   Find the correct column names using the ALL_CONS_COLUMNS
           catalog view
Creating Foreign Key Constraint fk_PESSOA_FISICA_PESSOA1 on table PESSOA...
table PESSOA_FISICA alterado.
Creating Foreign Key Constraint fk_QUADRO_VAGAS_ESTAGIO_ORGAO_ on table ORGAO_GESTOR_ESTAGIO...
table QUADRO_VAGAS_ESTAGIO alterado.
Creating Foreign Key Constraint fk_RECESSO_REMUNERADO_ESTAGIAR on table ESTAGIARIO...

Erro ao iniciar na linha 1.636 no comando
ALTER TABLE RECESSO_REMUNERADO
ADD CONSTRAINT fk_RECESSO_REMUNERADO_ESTAGIAR FOREIGN KEY
(
  NB_ESTAGIARIO
)
REFERENCES ESTAGIARIO
(
  NB_ESTAGIARIO
)
ENABLE
Relatório de erro:
Erro de SQL: ORA-02270: não há chave exclusiva ou primária compatível para esta lista de colunas
02270. 00000 -  "no matching unique or primary key for this column-list"
*Cause:    A REFERENCES clause in a CREATE/ALTER TABLE statement
           gives a column-list for which there is no matching unique or primary
           key constraint in the referenced table.
*Action:   Find the correct column names using the ALL_CONS_COLUMNS
           catalog view
Creating Foreign Key Constraint fk_RECESSO_REMUNERADO_CONTRATO on table CONTRATO_ESTAGIO...
table RECESSO_REMUNERADO alterado.
Creating Foreign Key Constraint fk_RECESSO_REMUNERADO_ORGAO_AG on table ORGAO_AGENTE_SETORIAL...
table RECESSO_REMUNERADO alterado.
Creating Foreign Key Constraint fk_SELECAO_ESTAGIO_OFERTA_VAGA on table OFERTA_VAGA...
table SELECAO_ESTAGIO alterado.
Creating Foreign Key Constraint FK_CONSELHO_PROFISSIONAL on table CONSELHO_PROFISSIONAL...
table SUPERVISOR_ESTAGIO alterado.
Creating Foreign Key Constraint fk_SUPERVISOR_ESTAGIO_FUNCIONA on table FUNCIONARIO_PE...
table SUPERVISOR_ESTAGIO alterado.
Creating Foreign Key Constraint fk_SUPERVISOR_ESTAGIO_PESSOA1 on table PESSOA...
table SUPERVISOR_ESTAGIO alterado.
Creating Foreign Key Constraint fk_TERMO_ADITIVO_CONTRATO_ESTA on table CONTRATO_ESTAGIO...
table TERMO_ADITIVO alterado.
Creating Foreign Key Constraint fk_TERMO_ADITIVO_ESTAGIARIO1 on table ESTAGIARIO...

Erro ao iniciar na linha 1.744 no comando
ALTER TABLE TERMO_ADITIVO
ADD CONSTRAINT fk_TERMO_ADITIVO_ESTAGIARIO1 FOREIGN KEY
(
  NB_ESTAGIARIO
)
REFERENCES ESTAGIARIO
(
  NB_ESTAGIARIO
)
ENABLE
Relatório de erro:
Erro de SQL: ORA-02270: não há chave exclusiva ou primária compatível para esta lista de colunas
02270. 00000 -  "no matching unique or primary key for this column-list"
*Cause:    A REFERENCES clause in a CREATE/ALTER TABLE statement
           gives a column-list for which there is no matching unique or primary
           key constraint in the referenced table.
*Action:   Find the correct column names using the ALL_CONS_COLUMNS
           catalog view
Creating Foreign Key Constraint fk_VAGAS_CURSO_ESTAGIO_VAGAS_E on table VAGAS_ESTAGIO...

Erro ao iniciar na linha 1.757 no comando
ALTER TABLE VAGAS_CURSO_ESTAGIO
ADD CONSTRAINT fk_VAGAS_CURSO_ESTAGIO_VAGAS_E FOREIGN KEY
(
  NB_VAGAS_ESTAGIO
)
REFERENCES VAGAS_ESTAGIO
(
  NB_VAGAS_ESTAGIO
)
ENABLE
Relatório de erro:
Erro de SQL: ORA-02270: não há chave exclusiva ou primária compatível para esta lista de colunas
02270. 00000 -  "no matching unique or primary key for this column-list"
*Cause:    A REFERENCES clause in a CREATE/ALTER TABLE statement
           gives a column-list for which there is no matching unique or primary
           key constraint in the referenced table.
*Action:   Find the correct column names using the ALL_CONS_COLUMNS
           catalog view
Creating Foreign Key Constraint fk_VAGAS_CURSO_ESTAGIO_CURSO_E on table CURSO_ESTAGIO...
table VAGAS_CURSO_ESTAGIO alterado.
Creating Foreign Key Constraint fk_VAGAS_ESTAGIO_AGENCIA_ESTAG on table AGENCIA_ESTAGIO...
table VAGAS_ESTAGIO alterado.
Creating Foreign Key Constraint fk_VAGAS_ESTAGIO_QUADRO_VAGAS_ on table QUADRO_VAGAS_ESTAGIO...
table VAGAS_ESTAGIO alterado.
Creating Foreign Key Constraint fk_VAGAS_ESTAGIO_ORGAO_ESTAGIO on table ORGAO_ESTAGIO...
table VAGAS_ESTAGIO alterado.
Creating Foreign Key Constraint fk_VAGAS_ESTAGIO_TIPO_VAGA_EST on table TIPO_VAGA_ESTAGIO...
table VAGAS_ESTAGIO alterado.
TRIGGER AGENTE_SETORIAL_ESTAGIO_ID_A_1 compilado
TRIGGER AGENCIA_ESTAGIO_ID_AGENCIA_E_1 compilado
TRIGGER AGENCIA_ESTAGIO_EMAIL_NB_AGE_1 compilado
TRIGGER AGENTE_SETORIAL_EMAIL_NB_AGE_1 compilado
TRIGGER BOLSA_ESTAGIO_NB_BOLSA_ESTAG_1 compilado
TRIGGER CONSELHO_PROFISSIONAL_ID_CON_1 compilado
TRIGGER CURSO_ESTAGIO_ID_CURSO_ESTAG_1 compilado
TRIGGER DESLIGAMENTO_ESTAGIO_ID_DESL_1 compilado
TRIGGER ESTAGIARIO_NB_ESTAGIARIO_TRG compilado
TRIGGER FUNCIONARIO_PE_NB_FUNCIONARI_1 compilado
TRIGGER GESTOR_ESTAGIO_NB_GESTOR_EST_1 compilado
TRIGGER OFERTA_VAGA_ID_OFERTA_VAGA_TRG compilado
TRIGGER ORGAO_ESTAGIO_ID_ORGAO_ESTAG_1 compilado
TRIGGER ORGAO_GESTOR_EMAIL_NB_ORGAO__1 compilado
TRIGGER ORGAO_GESTOR_ESTAGIO_ID_ORGA_1 compilado
TRIGGER PESSOA_ID_PESSOA_TRG compilado
TRIGGER QUADRO_VAGAS_ESTAGIO_ID_QUAD_1 compilado
TRIGGER RECESSO_REMUNERADO_ID_RECESS_1 compilado
TRIGGER SELECAO_ESTAGIO_ID_SELECAO_E_1 compilado
TRIGGER TERMO_ADITIVO_ID_TERMO_ADITI_1 compilado
TRIGGER VAGAS_ESTAGIO_NB_VAGAS_ESTAG_1 compilado
Conexão criada pelo comando de script CONNECT desconectada
